<?xml version="1.0" encoding="UTF-8"?>
<!-- Generated by org.testng.reporters.JUnitXMLReporter -->
<testsuite hostname="Mastans-MacBook-Pro.local" ignored="0" name="chrome test" tests="1" failures="0" timestamp="24 Aug 2017 09:46:25 GMT" time="0.03" errors="0">
  <testcase name="@BeforeMethod setup" time="0.0" classname="com.mystore.main.LogintoApplication">
    <failure type="org.testng.TestNGException" message="
Can inject only one of &amp;lt;ITestContext, XmlTest, Method, Object[]&amp;gt; into a BeforeMethod annotated setup.
For more information on native dependency injection please refer to http://testng.org/doc/documentation-main.html#native-dependency-injection">
      <![CDATA[org.testng.TestNGException: 
Can inject only one of <ITestContext, XmlTest, Method, Object[]> into a BeforeMethod annotated setup.
For more information on native dependency injection please refer to http://testng.org/doc/documentation-main.html#native-dependency-injection
... Removed 25 stack frames]]>
    </failure>
  </testcase> <!-- @BeforeMethod setup -->
  <testcase name="f" time="0.001" classname="com.mystore.main.LogintoApplication">
    <skipped/>
  </testcase> <!-- f -->
</testsuite> <!-- chrome test -->
