<?xml version="1.0" encoding="UTF-8"?>
<!-- Generated by org.testng.reporters.JUnitXMLReporter -->
<testsuite hostname="Mastans-MacBook-Pro.local" ignored="0" name="chrome test" tests="1" failures="0" timestamp="24 Aug 2017 13:59:43 GMT" time="0.054" errors="0">
  <testcase name="@BeforeMethod setup" time="0.011" classname="com.mystore.main.LogintoApplication">
    <failure type="java.lang.NullPointerException">
      <![CDATA[java.lang.NullPointerException
	at com.mystore.main.LogintoApplication.setup(LogintoApplication.java:37)
... Removed 27 stack frames]]>
    </failure>
  </testcase> <!-- @BeforeMethod setup -->
  <testcase name="f" time="0.0" classname="com.mystore.main.LogintoApplication">
    <skipped/>
  </testcase> <!-- f -->
</testsuite> <!-- chrome test -->
