<?xml version="1.0" encoding="UTF-8"?>
<!-- Generated by org.testng.reporters.JUnitXMLReporter -->
<testsuite hostname="Mastans-MacBook-Pro.local" ignored="0" name="firefox test" tests="1" failures="1" timestamp="24 Aug 2017 13:59:51 GMT" time="7.647" errors="0">
  <testcase name="f" time="0.016" classname="com.mystore.main.LogintoApplication">
    <failure type="java.lang.NullPointerException">
      <![CDATA[java.lang.NullPointerException
	at com.mystore.page.PageFunctions.Login(PageFunctions.java:33)
	at com.mystore.main.LogintoApplication.f(LogintoApplication.java:21)
... Removed 25 stack frames]]>
    </failure>
  </testcase> <!-- f -->
</testsuite> <!-- firefox test -->
